{
  "RSpec": {
    "coverage": {
      "/Users/student/Projects/bankreal/spec/bankaccount_spec.rb": {
        "lines": [
          1,
          null,
          1,
          5,
          5,
          1,
          1,
          1,
          null,
          1,
          1,
          4,
          null,
          null,
          null,
          1,
          1,
          1,
          4,
          null,
          null,
          null,
          1,
          1,
          1,
          null,
          null,
          null,
          1,
          1,
          1,
          1,
          1,
          1,
          null,
          null,
          null,
          null,
          null,
          null
        ]
      },
      "/Users/student/Projects/bankreal/lib/bankaccount.rb": {
        "lines": [
          1,
          1,
          1,
          null,
          1,
          null,
          1,
          null,
          1,
          4,
          4,
          4,
          4,
          null,
          null,
          null,
          1,
          5,
          5,
          null,
          null,
          1,
          1,
          1,
          null,
          null,
          1,
          1,
          null,
          null,
          1,
          1,
          3,
          null,
          null,
          null
        ]
      },
      "/Users/student/Projects/bankreal/lib/display.rb": {
        "lines": [
          1,
          null,
          1,
          null,
          1,
          1,
          null,
          null,
          null
        ]
      },
      "/Users/student/Projects/bankreal/lib/transaction.rb": {
        "lines": [
          1,
          1,
          null,
          1,
          1,
          null,
          1,
          7,
          7,
          7,
          null,
          null,
          null,
          null,
          null
        ]
      },
      "/Users/student/Projects/bankreal/spec/display_spec.rb": {
        "lines": [
          1,
          null,
          1,
          null,
          2,
          1,
          null,
          1,
          1,
          null,
          null,
          null
        ]
      },
      "/Users/student/Projects/bankreal/spec/transaction_spec.rb": {
        "lines": [
          1,
          null,
          1,
          null,
          1,
          4,
          null,
          null,
          1,
          1,
          null,
          null,
          1,
          1,
          null,
          null,
          1,
          1,
          null,
          null
        ]
      }
    },
    "timestamp": 1583071501
  }
}
